20:47:13.946 [AWT-EventQueue-0] INFO  c.b.actions.EnableBrowserStack - Setting enable browserstack run update
20:47:13.968 [AWT-EventQueue-0] INFO  c.b.actions.EnableBrowserStack - Setting enable browserstack run update
20:47:13.978 [AWT-EventQueue-0] INFO  c.b.actions.DisableBrowserStack - Setting disable browserstack run update
11:28:44.279 [AWT-EventQueue-0] INFO  c.b.actions.EnableBrowserStack - Setting enable browserstack run update
11:28:44.286 [AWT-EventQueue-0] INFO  com.browserstack.utils.Helpers - /Users/nancychopra/.m2/repository/com/browserstack/browserstack-java-sdk/1.10.4/browserstack-java-sdk-1.10.4.jar
11:28:44.287 [AWT-EventQueue-0] INFO  com.browserstack.utils.Helpers - null
11:28:44.306 [AWT-EventQueue-0] INFO  c.b.actions.EnableBrowserStack - Setting enable browserstack run update
11:28:44.307 [AWT-EventQueue-0] INFO  com.browserstack.utils.Helpers - /Users/nancychopra/.m2/repository/com/browserstack/browserstack-java-sdk/1.10.4/browserstack-java-sdk-1.10.4.jar
11:28:44.308 [AWT-EventQueue-0] INFO  com.browserstack.utils.Helpers - null
11:28:44.334 [AWT-EventQueue-0] INFO  c.b.actions.DisableBrowserStack - Setting disable browserstack run update
11:28:44.336 [AWT-EventQueue-0] INFO  com.browserstack.utils.Helpers - /Users/nancychopra/.m2/repository/com/browserstack/browserstack-java-sdk/1.10.4/browserstack-java-sdk-1.10.4.jar
11:28:44.337 [AWT-EventQueue-0] INFO  com.browserstack.utils.Helpers - null
11:43:07.952 [ApplicationImpl pooled thread 43] INFO  c.b.l.BrowserStackRunExtension - testng
11:43:07.952 [ApplicationImpl pooled thread 43] INFO  com.browserstack.utils.Helpers - null
11:43:07.953 [ApplicationImpl pooled thread 43] INFO  com.browserstack.utils.Helpers - /Users/nancychopra/.m2/repository/com/browserstack/browserstack-java-sdk/1.10.4/browserstack-java-sdk-1.10.4.jar
11:43:07.953 [ApplicationImpl pooled thread 43] INFO  c.b.l.BrowserStackRunExtension - Agent path: /Users/nancychopra/.m2/repository/com/browserstack/browserstack-java-sdk/1.10.4/browserstack-java-sdk-1.10.4.jar
11:43:07.953 [ApplicationImpl pooled thread 43] INFO  c.b.l.BrowserStackRunExtension - Plugin version: v1.1.2
11:45:35.691 [ApplicationImpl pooled thread 48] INFO  c.b.l.BrowserStackRunExtension - testng
11:45:35.691 [ApplicationImpl pooled thread 48] INFO  com.browserstack.utils.Helpers - null
11:45:35.694 [ApplicationImpl pooled thread 48] INFO  com.browserstack.utils.Helpers - /Users/nancychopra/.m2/repository/com/browserstack/browserstack-java-sdk/1.10.4/browserstack-java-sdk-1.10.4.jar
11:45:35.694 [ApplicationImpl pooled thread 48] INFO  c.b.l.BrowserStackRunExtension - Agent path: /Users/nancychopra/.m2/repository/com/browserstack/browserstack-java-sdk/1.10.4/browserstack-java-sdk-1.10.4.jar
11:45:35.694 [ApplicationImpl pooled thread 48] INFO  c.b.l.BrowserStackRunExtension - Plugin version: v1.1.2
12:03:03.693 [ApplicationImpl pooled thread 79] INFO  c.b.l.BrowserStackRunExtension - testng
12:03:03.694 [ApplicationImpl pooled thread 79] INFO  com.browserstack.utils.Helpers - null
12:03:03.697 [ApplicationImpl pooled thread 79] INFO  com.browserstack.utils.Helpers - /Users/nancychopra/.m2/repository/com/browserstack/browserstack-java-sdk/1.10.4/browserstack-java-sdk-1.10.4.jar
12:03:03.697 [ApplicationImpl pooled thread 79] INFO  c.b.l.BrowserStackRunExtension - Agent path: /Users/nancychopra/.m2/repository/com/browserstack/browserstack-java-sdk/1.10.4/browserstack-java-sdk-1.10.4.jar
12:03:03.697 [ApplicationImpl pooled thread 79] INFO  c.b.l.BrowserStackRunExtension - Plugin version: v1.1.2
12:04:26.396 [ApplicationImpl pooled thread 79] INFO  c.b.l.BrowserStackRunExtension - testng
12:04:26.396 [ApplicationImpl pooled thread 79] INFO  com.browserstack.utils.Helpers - null
12:04:26.398 [ApplicationImpl pooled thread 79] INFO  com.browserstack.utils.Helpers - /Users/nancychopra/.m2/repository/com/browserstack/browserstack-java-sdk/1.10.4/browserstack-java-sdk-1.10.4.jar
12:04:26.398 [ApplicationImpl pooled thread 79] INFO  c.b.l.BrowserStackRunExtension - Agent path: /Users/nancychopra/.m2/repository/com/browserstack/browserstack-java-sdk/1.10.4/browserstack-java-sdk-1.10.4.jar
12:04:26.398 [ApplicationImpl pooled thread 79] INFO  c.b.l.BrowserStackRunExtension - Plugin version: v1.1.2
12:05:39.936 [ApplicationImpl pooled thread 84] INFO  c.b.l.BrowserStackRunExtension - testng
12:05:39.937 [ApplicationImpl pooled thread 84] INFO  com.browserstack.utils.Helpers - null
12:05:39.938 [ApplicationImpl pooled thread 84] INFO  com.browserstack.utils.Helpers - /Users/nancychopra/.m2/repository/com/browserstack/browserstack-java-sdk/1.10.4/browserstack-java-sdk-1.10.4.jar
12:05:39.938 [ApplicationImpl pooled thread 84] INFO  c.b.l.BrowserStackRunExtension - Agent path: /Users/nancychopra/.m2/repository/com/browserstack/browserstack-java-sdk/1.10.4/browserstack-java-sdk-1.10.4.jar
12:05:39.938 [ApplicationImpl pooled thread 84] INFO  c.b.l.BrowserStackRunExtension - Plugin version: v1.1.2
12:07:09.224 [ApplicationImpl pooled thread 73] INFO  c.b.l.BrowserStackRunExtension - testng
12:07:09.225 [ApplicationImpl pooled thread 73] INFO  com.browserstack.utils.Helpers - null
12:07:09.228 [ApplicationImpl pooled thread 73] INFO  com.browserstack.utils.Helpers - /Users/nancychopra/.m2/repository/com/browserstack/browserstack-java-sdk/1.10.4/browserstack-java-sdk-1.10.4.jar
12:07:09.228 [ApplicationImpl pooled thread 73] INFO  c.b.l.BrowserStackRunExtension - Agent path: /Users/nancychopra/.m2/repository/com/browserstack/browserstack-java-sdk/1.10.4/browserstack-java-sdk-1.10.4.jar
12:07:09.228 [ApplicationImpl pooled thread 73] INFO  c.b.l.BrowserStackRunExtension - Plugin version: v1.1.2
12:07:38.759 [ApplicationImpl pooled thread 73] INFO  c.b.l.BrowserStackRunExtension - testng
12:07:38.760 [ApplicationImpl pooled thread 73] INFO  com.browserstack.utils.Helpers - null
12:07:38.762 [ApplicationImpl pooled thread 73] INFO  com.browserstack.utils.Helpers - /Users/nancychopra/.m2/repository/com/browserstack/browserstack-java-sdk/1.10.4/browserstack-java-sdk-1.10.4.jar
12:07:38.762 [ApplicationImpl pooled thread 73] INFO  c.b.l.BrowserStackRunExtension - Agent path: /Users/nancychopra/.m2/repository/com/browserstack/browserstack-java-sdk/1.10.4/browserstack-java-sdk-1.10.4.jar
12:07:38.762 [ApplicationImpl pooled thread 73] INFO  c.b.l.BrowserStackRunExtension - Plugin version: v1.1.2
12:09:10.817 [ApplicationImpl pooled thread 77] INFO  c.b.l.BrowserStackRunExtension - testng
12:09:10.817 [ApplicationImpl pooled thread 77] INFO  com.browserstack.utils.Helpers - null
12:09:10.818 [ApplicationImpl pooled thread 77] INFO  com.browserstack.utils.Helpers - /Users/nancychopra/.m2/repository/com/browserstack/browserstack-java-sdk/1.10.4/browserstack-java-sdk-1.10.4.jar
12:09:10.818 [ApplicationImpl pooled thread 77] INFO  c.b.l.BrowserStackRunExtension - Agent path: /Users/nancychopra/.m2/repository/com/browserstack/browserstack-java-sdk/1.10.4/browserstack-java-sdk-1.10.4.jar
12:09:10.818 [ApplicationImpl pooled thread 77] INFO  c.b.l.BrowserStackRunExtension - Plugin version: v1.1.2
12:09:34.607 [AWT-EventQueue-0] INFO  c.b.actions.EnableBrowserStack - Setting enable browserstack run update
12:09:34.611 [AWT-EventQueue-0] INFO  com.browserstack.utils.Helpers - /Users/nancychopra/.m2/repository/com/browserstack/browserstack-java-sdk/1.10.4/browserstack-java-sdk-1.10.4.jar
12:09:34.611 [AWT-EventQueue-0] INFO  com.browserstack.utils.Helpers - null
12:09:34.631 [AWT-EventQueue-0] INFO  c.b.actions.EnableBrowserStack - Setting enable browserstack run update
12:09:34.632 [AWT-EventQueue-0] INFO  com.browserstack.utils.Helpers - /Users/nancychopra/.m2/repository/com/browserstack/browserstack-java-sdk/1.10.4/browserstack-java-sdk-1.10.4.jar
12:09:34.632 [AWT-EventQueue-0] INFO  com.browserstack.utils.Helpers - null
12:09:34.640 [AWT-EventQueue-0] INFO  c.b.actions.DisableBrowserStack - Setting disable browserstack run update
12:09:34.642 [AWT-EventQueue-0] INFO  com.browserstack.utils.Helpers - /Users/nancychopra/.m2/repository/com/browserstack/browserstack-java-sdk/1.10.4/browserstack-java-sdk-1.10.4.jar
12:09:34.642 [AWT-EventQueue-0] INFO  com.browserstack.utils.Helpers - null
12:09:35.695 [AWT-EventQueue-0] INFO  c.b.actions.DisableBrowserStack - Setting disable browserstack run update
12:09:35.697 [AWT-EventQueue-0] INFO  com.browserstack.utils.Helpers - /Users/nancychopra/.m2/repository/com/browserstack/browserstack-java-sdk/1.10.4/browserstack-java-sdk-1.10.4.jar
12:09:35.697 [AWT-EventQueue-0] INFO  com.browserstack.utils.Helpers - null
12:09:35.733 [AWT-EventQueue-0] INFO  c.b.actions.DisableBrowserStack - Disabling BrowserStack Run
12:09:35.733 [AWT-EventQueue-0] INFO  com.browserstack.utils.Helpers - setting browserstack enabled to false
12:09:46.711 [AWT-EventQueue-0] INFO  c.b.actions.EnableBrowserStack - Setting enable browserstack run update
12:09:46.712 [AWT-EventQueue-0] INFO  com.browserstack.utils.Helpers - /Users/nancychopra/.m2/repository/com/browserstack/browserstack-java-sdk/1.10.4/browserstack-java-sdk-1.10.4.jar
12:09:46.712 [AWT-EventQueue-0] INFO  com.browserstack.utils.Helpers - false
12:09:46.722 [AWT-EventQueue-0] INFO  c.b.actions.DisableBrowserStack - Setting disable browserstack run update
12:09:46.724 [AWT-EventQueue-0] INFO  com.browserstack.utils.Helpers - /Users/nancychopra/.m2/repository/com/browserstack/browserstack-java-sdk/1.10.4/browserstack-java-sdk-1.10.4.jar
12:09:46.724 [AWT-EventQueue-0] INFO  com.browserstack.utils.Helpers - false
12:09:51.789 [ApplicationImpl pooled thread 80] INFO  c.b.l.BrowserStackRunExtension - testng
12:09:51.789 [ApplicationImpl pooled thread 80] INFO  com.browserstack.utils.Helpers - false
12:09:54.739 [AWT-EventQueue-0] INFO  c.b.actions.EnableBrowserStack - Setting enable browserstack run update
12:09:54.741 [AWT-EventQueue-0] INFO  com.browserstack.utils.Helpers - /Users/nancychopra/.m2/repository/com/browserstack/browserstack-java-sdk/1.10.4/browserstack-java-sdk-1.10.4.jar
12:09:54.741 [AWT-EventQueue-0] INFO  com.browserstack.utils.Helpers - false
12:09:54.747 [AWT-EventQueue-0] INFO  c.b.actions.DisableBrowserStack - Setting disable browserstack run update
12:09:54.748 [AWT-EventQueue-0] INFO  com.browserstack.utils.Helpers - /Users/nancychopra/.m2/repository/com/browserstack/browserstack-java-sdk/1.10.4/browserstack-java-sdk-1.10.4.jar
12:09:54.748 [AWT-EventQueue-0] INFO  com.browserstack.utils.Helpers - false
13:10:52.420 [ApplicationImpl pooled thread 106] INFO  c.b.l.BrowserStackRunExtension - testng
13:10:52.421 [ApplicationImpl pooled thread 106] INFO  com.browserstack.utils.Helpers - false
13:11:54.445 [ApplicationImpl pooled thread 105] INFO  c.b.l.BrowserStackRunExtension - testng
13:11:54.448 [ApplicationImpl pooled thread 105] INFO  com.browserstack.utils.Helpers - false
13:19:24.521 [ApplicationImpl pooled thread 107] INFO  c.b.l.BrowserStackRunExtension - testng
13:19:24.522 [ApplicationImpl pooled thread 107] INFO  com.browserstack.utils.Helpers - false
13:20:02.158 [ApplicationImpl pooled thread 115] INFO  c.b.l.BrowserStackRunExtension - testng
13:20:02.158 [ApplicationImpl pooled thread 115] INFO  com.browserstack.utils.Helpers - false
13:20:48.591 [ApplicationImpl pooled thread 107] INFO  c.b.l.BrowserStackRunExtension - testng
13:20:48.592 [ApplicationImpl pooled thread 107] INFO  com.browserstack.utils.Helpers - false
13:25:19.149 [ApplicationImpl pooled thread 124] INFO  c.b.l.BrowserStackRunExtension - testng
13:25:19.151 [ApplicationImpl pooled thread 124] INFO  com.browserstack.utils.Helpers - false
13:26:04.702 [ApplicationImpl pooled thread 126] INFO  c.b.l.BrowserStackRunExtension - testng
13:26:04.703 [ApplicationImpl pooled thread 126] INFO  com.browserstack.utils.Helpers - false
13:28:19.055 [ApplicationImpl pooled thread 123] INFO  c.b.l.BrowserStackRunExtension - testng
13:28:19.057 [ApplicationImpl pooled thread 123] INFO  com.browserstack.utils.Helpers - false
13:30:50.305 [ApplicationImpl pooled thread 127] INFO  c.b.l.BrowserStackRunExtension - testng
13:30:50.307 [ApplicationImpl pooled thread 127] INFO  com.browserstack.utils.Helpers - false
13:34:14.133 [ApplicationImpl pooled thread 134] INFO  c.b.l.BrowserStackRunExtension - testng
13:34:14.134 [ApplicationImpl pooled thread 134] INFO  com.browserstack.utils.Helpers - false
13:34:55.938 [ApplicationImpl pooled thread 127] INFO  c.b.l.BrowserStackRunExtension - testng
13:34:55.939 [ApplicationImpl pooled thread 127] INFO  com.browserstack.utils.Helpers - false
13:35:44.989 [ApplicationImpl pooled thread 131] INFO  c.b.l.BrowserStackRunExtension - testng
13:35:44.990 [ApplicationImpl pooled thread 131] INFO  com.browserstack.utils.Helpers - false
13:37:21.302 [ApplicationImpl pooled thread 139] INFO  c.b.l.BrowserStackRunExtension - testng
13:37:21.303 [ApplicationImpl pooled thread 139] INFO  com.browserstack.utils.Helpers - false
13:37:52.207 [ApplicationImpl pooled thread 144] INFO  c.b.l.BrowserStackRunExtension - testng
13:37:52.207 [ApplicationImpl pooled thread 144] INFO  com.browserstack.utils.Helpers - false
13:46:37.312 [ApplicationImpl pooled thread 146] INFO  c.b.l.BrowserStackRunExtension - testng
13:46:37.315 [ApplicationImpl pooled thread 146] INFO  com.browserstack.utils.Helpers - false
14:56:29.780 [ApplicationImpl pooled thread 160] INFO  c.b.l.BrowserStackRunExtension - testng
14:56:29.781 [ApplicationImpl pooled thread 160] INFO  com.browserstack.utils.Helpers - false
14:57:11.318 [ApplicationImpl pooled thread 155] INFO  c.b.l.BrowserStackRunExtension - testng
14:57:11.319 [ApplicationImpl pooled thread 155] INFO  com.browserstack.utils.Helpers - false
14:57:38.710 [ApplicationImpl pooled thread 154] INFO  c.b.l.BrowserStackRunExtension - testng
14:57:38.710 [ApplicationImpl pooled thread 154] INFO  com.browserstack.utils.Helpers - false
14:59:50.196 [ApplicationImpl pooled thread 154] INFO  c.b.l.BrowserStackRunExtension - testng
14:59:50.198 [ApplicationImpl pooled thread 154] INFO  com.browserstack.utils.Helpers - false
15:36:23.805 [ApplicationImpl pooled thread 183] INFO  c.b.l.BrowserStackRunExtension - testng
15:36:23.807 [ApplicationImpl pooled thread 183] INFO  com.browserstack.utils.Helpers - false
15:37:36.128 [ApplicationImpl pooled thread 185] INFO  c.b.l.BrowserStackRunExtension - testng
15:37:36.137 [ApplicationImpl pooled thread 185] INFO  com.browserstack.utils.Helpers - false
15:47:52.542 [ApplicationImpl pooled thread 177] INFO  c.b.l.BrowserStackRunExtension - testng
15:47:52.544 [ApplicationImpl pooled thread 177] INFO  com.browserstack.utils.Helpers - false
15:57:49.446 [ApplicationImpl pooled thread 25] INFO  c.b.l.BrowserStackRunExtension - testng
15:57:49.449 [ApplicationImpl pooled thread 25] INFO  com.browserstack.utils.Helpers - false
15:59:39.443 [ApplicationImpl pooled thread 27] INFO  c.b.l.BrowserStackRunExtension - testng
15:59:39.444 [ApplicationImpl pooled thread 27] INFO  com.browserstack.utils.Helpers - false
16:02:37.061 [ApplicationImpl pooled thread 27] INFO  c.b.l.BrowserStackRunExtension - testng
16:02:37.062 [ApplicationImpl pooled thread 27] INFO  com.browserstack.utils.Helpers - false
16:03:13.866 [ApplicationImpl pooled thread 37] INFO  c.b.l.BrowserStackRunExtension - testng
16:03:13.866 [ApplicationImpl pooled thread 37] INFO  com.browserstack.utils.Helpers - false
16:07:00.553 [ApplicationImpl pooled thread 40] INFO  c.b.l.BrowserStackRunExtension - testng
16:07:00.554 [ApplicationImpl pooled thread 40] INFO  com.browserstack.utils.Helpers - false
16:08:18.299 [ApplicationImpl pooled thread 44] INFO  c.b.l.BrowserStackRunExtension - testng
16:08:18.300 [ApplicationImpl pooled thread 44] INFO  com.browserstack.utils.Helpers - false
16:08:59.069 [ApplicationImpl pooled thread 40] INFO  c.b.l.BrowserStackRunExtension - testng
16:08:59.069 [ApplicationImpl pooled thread 40] INFO  com.browserstack.utils.Helpers - false
16:55:42.318 [ApplicationImpl pooled thread 61] INFO  c.b.l.BrowserStackRunExtension - testng
16:55:42.318 [ApplicationImpl pooled thread 61] INFO  com.browserstack.utils.Helpers - false
16:58:49.171 [ApplicationImpl pooled thread 67] INFO  c.b.l.BrowserStackRunExtension - testng
16:58:49.171 [ApplicationImpl pooled thread 67] INFO  com.browserstack.utils.Helpers - false
17:00:46.899 [ApplicationImpl pooled thread 58] INFO  c.b.l.BrowserStackRunExtension - testng
17:00:46.899 [ApplicationImpl pooled thread 58] INFO  com.browserstack.utils.Helpers - false
17:06:05.204 [ApplicationImpl pooled thread 68] INFO  c.b.l.BrowserStackRunExtension - testng
17:06:05.205 [ApplicationImpl pooled thread 68] INFO  com.browserstack.utils.Helpers - false
17:10:08.745 [ApplicationImpl pooled thread 61] INFO  c.b.l.BrowserStackRunExtension - testng
17:10:08.745 [ApplicationImpl pooled thread 61] INFO  com.browserstack.utils.Helpers - false
17:11:20.558 [ApplicationImpl pooled thread 77] INFO  c.b.l.BrowserStackRunExtension - testng
17:11:20.558 [ApplicationImpl pooled thread 77] INFO  com.browserstack.utils.Helpers - false
17:13:07.317 [ApplicationImpl pooled thread 75] INFO  c.b.l.BrowserStackRunExtension - testng
17:13:07.318 [ApplicationImpl pooled thread 75] INFO  com.browserstack.utils.Helpers - false
17:13:56.047 [ApplicationImpl pooled thread 75] INFO  c.b.l.BrowserStackRunExtension - testng
17:13:56.048 [ApplicationImpl pooled thread 75] INFO  com.browserstack.utils.Helpers - false
17:17:03.752 [ApplicationImpl pooled thread 79] INFO  c.b.l.BrowserStackRunExtension - testng
17:17:03.752 [ApplicationImpl pooled thread 79] INFO  com.browserstack.utils.Helpers - false
11:56:44.940 [ApplicationImpl pooled thread 194] INFO  c.b.l.BrowserStackRunExtension - testng
11:56:44.940 [ApplicationImpl pooled thread 194] INFO  com.browserstack.utils.Helpers - false
12:08:55.848 [ApplicationImpl pooled thread 207] INFO  c.b.l.BrowserStackRunExtension - testng
12:08:55.850 [ApplicationImpl pooled thread 207] INFO  com.browserstack.utils.Helpers - false
21:57:12.041 [ApplicationImpl pooled thread 652] INFO  c.b.l.BrowserStackRunExtension - testng
21:57:12.042 [ApplicationImpl pooled thread 652] INFO  com.browserstack.utils.Helpers - false
21:57:24.021 [ApplicationImpl pooled thread 652] INFO  c.b.l.BrowserStackRunExtension - testng
21:57:24.021 [ApplicationImpl pooled thread 652] INFO  com.browserstack.utils.Helpers - false
21:58:50.553 [ApplicationImpl pooled thread 662] INFO  c.b.l.BrowserStackRunExtension - testng
21:58:50.553 [ApplicationImpl pooled thread 662] INFO  com.browserstack.utils.Helpers - false
21:59:10.576 [ApplicationImpl pooled thread 671] INFO  c.b.l.BrowserStackRunExtension - testng
21:59:10.578 [ApplicationImpl pooled thread 671] INFO  com.browserstack.utils.Helpers - false
21:59:44.095 [ApplicationImpl pooled thread 669] INFO  c.b.l.BrowserStackRunExtension - testng
21:59:44.096 [ApplicationImpl pooled thread 669] INFO  com.browserstack.utils.Helpers - false
22:00:30.284 [AWT-EventQueue-0] INFO  c.b.actions.EnableBrowserStack - Setting enable browserstack run update
22:00:30.287 [AWT-EventQueue-0] INFO  com.browserstack.utils.Helpers - /Users/nancychopra/.m2/repository/com/browserstack/browserstack-java-sdk/1.10.5/browserstack-java-sdk-1.10.5.jar
22:00:30.287 [AWT-EventQueue-0] INFO  com.browserstack.utils.Helpers - false
22:00:30.297 [AWT-EventQueue-0] INFO  c.b.actions.DisableBrowserStack - Setting disable browserstack run update
22:00:30.298 [AWT-EventQueue-0] INFO  com.browserstack.utils.Helpers - /Users/nancychopra/.m2/repository/com/browserstack/browserstack-java-sdk/1.10.5/browserstack-java-sdk-1.10.5.jar
22:00:30.298 [AWT-EventQueue-0] INFO  com.browserstack.utils.Helpers - false
22:01:34.354 [ApplicationImpl pooled thread 675] INFO  c.b.l.BrowserStackRunExtension - testng
22:01:34.355 [ApplicationImpl pooled thread 675] INFO  com.browserstack.utils.Helpers - false
22:02:54.601 [ApplicationImpl pooled thread 675] INFO  c.b.l.BrowserStackRunExtension - testng
22:02:54.603 [ApplicationImpl pooled thread 675] INFO  com.browserstack.utils.Helpers - false
22:03:31.558 [ApplicationImpl pooled thread 689] INFO  c.b.l.BrowserStackRunExtension - testng
22:03:31.558 [ApplicationImpl pooled thread 689] INFO  com.browserstack.utils.Helpers - false
22:03:57.059 [ApplicationImpl pooled thread 674] INFO  c.b.l.BrowserStackRunExtension - testng
22:03:57.059 [ApplicationImpl pooled thread 674] INFO  com.browserstack.utils.Helpers - false
22:05:07.359 [AWT-EventQueue-0] INFO  c.b.actions.EnableBrowserStack - Setting enable browserstack run update
22:05:07.362 [AWT-EventQueue-0] INFO  com.browserstack.utils.Helpers - /Users/nancychopra/.m2/repository/com/browserstack/browserstack-java-sdk/1.10.5/browserstack-java-sdk-1.10.5.jar
22:05:07.363 [AWT-EventQueue-0] INFO  com.browserstack.utils.Helpers - false
22:05:07.368 [AWT-EventQueue-0] INFO  c.b.actions.DisableBrowserStack - Setting disable browserstack run update
22:05:07.369 [AWT-EventQueue-0] INFO  com.browserstack.utils.Helpers - /Users/nancychopra/.m2/repository/com/browserstack/browserstack-java-sdk/1.10.5/browserstack-java-sdk-1.10.5.jar
22:05:07.369 [AWT-EventQueue-0] INFO  com.browserstack.utils.Helpers - false
22:05:08.133 [AWT-EventQueue-0] INFO  c.b.actions.EnableBrowserStack - Setting enable browserstack run update
22:05:08.135 [AWT-EventQueue-0] INFO  com.browserstack.utils.Helpers - /Users/nancychopra/.m2/repository/com/browserstack/browserstack-java-sdk/1.10.5/browserstack-java-sdk-1.10.5.jar
22:05:08.135 [AWT-EventQueue-0] INFO  com.browserstack.utils.Helpers - false
22:05:08.147 [AWT-EventQueue-0] INFO  c.b.actions.DisableBrowserStack - Setting disable browserstack run update
22:05:08.148 [AWT-EventQueue-0] INFO  com.browserstack.utils.Helpers - /Users/nancychopra/.m2/repository/com/browserstack/browserstack-java-sdk/1.10.5/browserstack-java-sdk-1.10.5.jar
22:05:08.148 [AWT-EventQueue-0] INFO  com.browserstack.utils.Helpers - false
22:09:39.717 [ApplicationImpl pooled thread 698] INFO  c.b.l.BrowserStackRunExtension - testng
22:09:39.718 [ApplicationImpl pooled thread 698] INFO  com.browserstack.utils.Helpers - false
22:11:07.360 [ApplicationImpl pooled thread 709] INFO  c.b.l.BrowserStackRunExtension - testng
22:11:07.362 [ApplicationImpl pooled thread 709] INFO  com.browserstack.utils.Helpers - false
22:13:34.433 [ApplicationImpl pooled thread 698] INFO  c.b.l.BrowserStackRunExtension - testng
22:13:34.435 [ApplicationImpl pooled thread 698] INFO  com.browserstack.utils.Helpers - false
22:14:07.872 [ApplicationImpl pooled thread 723] INFO  c.b.l.BrowserStackRunExtension - testng
22:14:07.873 [ApplicationImpl pooled thread 723] INFO  com.browserstack.utils.Helpers - false
22:21:21.426 [ApplicationImpl pooled thread 742] INFO  c.b.l.BrowserStackRunExtension - testng
22:21:21.427 [ApplicationImpl pooled thread 742] INFO  com.browserstack.utils.Helpers - false
22:22:32.458 [ApplicationImpl pooled thread 730] INFO  c.b.l.BrowserStackRunExtension - testng
22:22:32.460 [ApplicationImpl pooled thread 730] INFO  com.browserstack.utils.Helpers - false
22:23:08.569 [ApplicationImpl pooled thread 744] INFO  c.b.l.BrowserStackRunExtension - testng
22:23:08.571 [ApplicationImpl pooled thread 744] INFO  com.browserstack.utils.Helpers - false
22:24:45.517 [ApplicationImpl pooled thread 739] INFO  c.b.l.BrowserStackRunExtension - testng
22:24:45.518 [ApplicationImpl pooled thread 739] INFO  com.browserstack.utils.Helpers - false
22:24:56.186 [ApplicationImpl pooled thread 730] INFO  c.b.l.BrowserStackRunExtension - testng
22:24:56.186 [ApplicationImpl pooled thread 730] INFO  com.browserstack.utils.Helpers - false
16:37:25.149 [ApplicationImpl pooled thread 85] INFO  c.b.l.BrowserStackRunExtension - testng
16:37:25.151 [ApplicationImpl pooled thread 85] INFO  com.browserstack.utils.Helpers - false
16:42:26.998 [ApplicationImpl pooled thread 80] INFO  c.b.l.BrowserStackRunExtension - testng
16:42:26.999 [ApplicationImpl pooled thread 80] INFO  com.browserstack.utils.Helpers - false
16:44:43.593 [ApplicationImpl pooled thread 96] INFO  c.b.l.BrowserStackRunExtension - testng
16:44:43.593 [ApplicationImpl pooled thread 96] INFO  com.browserstack.utils.Helpers - false
16:46:32.136 [ApplicationImpl pooled thread 85] INFO  c.b.l.BrowserStackRunExtension - testng
16:46:32.136 [ApplicationImpl pooled thread 85] INFO  com.browserstack.utils.Helpers - false
16:47:10.373 [ApplicationImpl pooled thread 99] INFO  c.b.l.BrowserStackRunExtension - testng
16:47:10.373 [ApplicationImpl pooled thread 99] INFO  com.browserstack.utils.Helpers - false
16:49:05.477 [ApplicationImpl pooled thread 98] INFO  c.b.l.BrowserStackRunExtension - testng
16:49:05.478 [ApplicationImpl pooled thread 98] INFO  com.browserstack.utils.Helpers - false
16:50:20.585 [ApplicationImpl pooled thread 85] INFO  c.b.l.BrowserStackRunExtension - testng
16:50:20.586 [ApplicationImpl pooled thread 85] INFO  com.browserstack.utils.Helpers - false
16:51:28.893 [ApplicationImpl pooled thread 98] INFO  c.b.l.BrowserStackRunExtension - testng
16:51:28.894 [ApplicationImpl pooled thread 98] INFO  com.browserstack.utils.Helpers - false
16:52:25.777 [ApplicationImpl pooled thread 100] INFO  c.b.l.BrowserStackRunExtension - testng
16:52:25.777 [ApplicationImpl pooled thread 100] INFO  com.browserstack.utils.Helpers - false
17:10:29.966 [ApplicationImpl pooled thread 129] INFO  c.b.l.BrowserStackRunExtension - testng
17:10:29.967 [ApplicationImpl pooled thread 129] INFO  com.browserstack.utils.Helpers - false
17:14:01.517 [ApplicationImpl pooled thread 127] INFO  c.b.l.BrowserStackRunExtension - testng
17:14:01.518 [ApplicationImpl pooled thread 127] INFO  com.browserstack.utils.Helpers - false
17:15:41.223 [ApplicationImpl pooled thread 128] INFO  c.b.l.BrowserStackRunExtension - testng
17:15:41.223 [ApplicationImpl pooled thread 128] INFO  com.browserstack.utils.Helpers - false
17:16:34.990 [ApplicationImpl pooled thread 122] INFO  c.b.l.BrowserStackRunExtension - testng
17:16:34.990 [ApplicationImpl pooled thread 122] INFO  com.browserstack.utils.Helpers - false
16:42:06.723 [ApplicationImpl pooled thread 34] INFO  c.b.l.BrowserStackRunExtension - application
16:42:06.725 [ApplicationImpl pooled thread 34] INFO  com.browserstack.utils.Helpers - false
16:43:29.995 [ApplicationImpl pooled thread 21] INFO  c.b.l.BrowserStackRunExtension - application
16:43:29.996 [ApplicationImpl pooled thread 21] INFO  com.browserstack.utils.Helpers - false
17:24:46.571 [ApplicationImpl pooled thread 50] INFO  c.b.l.BrowserStackRunExtension - application
17:24:46.572 [ApplicationImpl pooled thread 50] INFO  com.browserstack.utils.Helpers - false
17:25:30.197 [ApplicationImpl pooled thread 43] INFO  c.b.l.BrowserStackRunExtension - application
17:25:30.197 [ApplicationImpl pooled thread 43] INFO  com.browserstack.utils.Helpers - false
17:30:52.090 [ApplicationImpl pooled thread 58] INFO  c.b.l.BrowserStackRunExtension - application
17:30:52.090 [ApplicationImpl pooled thread 58] INFO  com.browserstack.utils.Helpers - false
17:36:42.873 [ApplicationImpl pooled thread 68] INFO  c.b.l.BrowserStackRunExtension - application
17:36:42.874 [ApplicationImpl pooled thread 68] INFO  com.browserstack.utils.Helpers - false
17:37:28.713 [ApplicationImpl pooled thread 54] INFO  c.b.l.BrowserStackRunExtension - application
17:37:28.714 [ApplicationImpl pooled thread 54] INFO  com.browserstack.utils.Helpers - false
17:38:29.575 [ApplicationImpl pooled thread 69] INFO  c.b.l.BrowserStackRunExtension - application
17:38:29.575 [ApplicationImpl pooled thread 69] INFO  com.browserstack.utils.Helpers - false
17:39:57.681 [ApplicationImpl pooled thread 64] INFO  c.b.l.BrowserStackRunExtension - application
17:39:57.681 [ApplicationImpl pooled thread 64] INFO  com.browserstack.utils.Helpers - false
17:43:09.705 [ApplicationImpl pooled thread 64] INFO  c.b.l.BrowserStackRunExtension - application
17:43:09.705 [ApplicationImpl pooled thread 64] INFO  com.browserstack.utils.Helpers - false
17:52:23.021 [ApplicationImpl pooled thread 93] INFO  c.b.l.BrowserStackRunExtension - application
17:52:23.022 [ApplicationImpl pooled thread 93] INFO  com.browserstack.utils.Helpers - false
17:52:46.946 [ApplicationImpl pooled thread 93] INFO  c.b.l.BrowserStackRunExtension - application
17:52:46.946 [ApplicationImpl pooled thread 93] INFO  com.browserstack.utils.Helpers - false
17:53:11.562 [ApplicationImpl pooled thread 95] INFO  c.b.l.BrowserStackRunExtension - application
17:53:11.563 [ApplicationImpl pooled thread 95] INFO  com.browserstack.utils.Helpers - false
18:02:37.033 [ApplicationImpl pooled thread 103] INFO  c.b.l.BrowserStackRunExtension - application
18:02:37.034 [ApplicationImpl pooled thread 103] INFO  com.browserstack.utils.Helpers - false
18:03:10.827 [ApplicationImpl pooled thread 106] INFO  c.b.l.BrowserStackRunExtension - application
18:03:10.827 [ApplicationImpl pooled thread 106] INFO  com.browserstack.utils.Helpers - false
18:30:36.233 [ApplicationImpl pooled thread 134] INFO  c.b.l.BrowserStackRunExtension - application
18:30:36.233 [ApplicationImpl pooled thread 134] INFO  com.browserstack.utils.Helpers - false
18:36:54.476 [ApplicationImpl pooled thread 147] INFO  c.b.l.BrowserStackRunExtension - application
18:36:54.476 [ApplicationImpl pooled thread 147] INFO  com.browserstack.utils.Helpers - false
18:46:22.874 [ApplicationImpl pooled thread 172] INFO  c.b.l.BrowserStackRunExtension - application
18:46:22.874 [ApplicationImpl pooled thread 172] INFO  com.browserstack.utils.Helpers - false
18:46:34.145 [ApplicationImpl pooled thread 163] INFO  c.b.l.BrowserStackRunExtension - application
18:46:34.145 [ApplicationImpl pooled thread 163] INFO  com.browserstack.utils.Helpers - false
18:48:24.439 [ApplicationImpl pooled thread 171] INFO  c.b.l.BrowserStackRunExtension - application
18:48:24.439 [ApplicationImpl pooled thread 171] INFO  com.browserstack.utils.Helpers - false
18:52:46.291 [ApplicationImpl pooled thread 176] INFO  c.b.l.BrowserStackRunExtension - application
18:52:46.292 [ApplicationImpl pooled thread 176] INFO  com.browserstack.utils.Helpers - false
18:53:56.217 [ApplicationImpl pooled thread 163] INFO  c.b.l.BrowserStackRunExtension - application
18:53:56.217 [ApplicationImpl pooled thread 163] INFO  com.browserstack.utils.Helpers - false
18:56:01.673 [ApplicationImpl pooled thread 179] INFO  c.b.l.BrowserStackRunExtension - application
18:56:01.673 [ApplicationImpl pooled thread 179] INFO  com.browserstack.utils.Helpers - false
19:40:15.984 [ApplicationImpl pooled thread 221] INFO  c.b.l.BrowserStackRunExtension - application
19:40:15.985 [ApplicationImpl pooled thread 221] INFO  com.browserstack.utils.Helpers - false
19:41:20.855 [ApplicationImpl pooled thread 214] INFO  c.b.l.BrowserStackRunExtension - application
19:41:20.856 [ApplicationImpl pooled thread 214] INFO  com.browserstack.utils.Helpers - false
19:41:47.251 [ApplicationImpl pooled thread 221] INFO  c.b.l.BrowserStackRunExtension - application
19:41:47.251 [ApplicationImpl pooled thread 221] INFO  com.browserstack.utils.Helpers - false
19:42:27.827 [ApplicationImpl pooled thread 224] INFO  c.b.l.BrowserStackRunExtension - application
19:42:27.827 [ApplicationImpl pooled thread 224] INFO  com.browserstack.utils.Helpers - false
19:42:53.149 [ApplicationImpl pooled thread 221] INFO  c.b.l.BrowserStackRunExtension - application
19:42:53.149 [ApplicationImpl pooled thread 221] INFO  com.browserstack.utils.Helpers - false
19:46:23.435 [ApplicationImpl pooled thread 229] INFO  c.b.l.BrowserStackRunExtension - application
19:46:23.436 [ApplicationImpl pooled thread 229] INFO  com.browserstack.utils.Helpers - false
19:55:44.236 [ApplicationImpl pooled thread 235] INFO  c.b.l.BrowserStackRunExtension - application
19:55:44.236 [ApplicationImpl pooled thread 235] INFO  com.browserstack.utils.Helpers - false
11:03:37.729 [ApplicationImpl pooled thread 391] INFO  c.b.l.BrowserStackRunExtension - application
11:03:37.732 [ApplicationImpl pooled thread 391] INFO  com.browserstack.utils.Helpers - false
11:10:10.377 [ApplicationImpl pooled thread 424] INFO  c.b.l.BrowserStackRunExtension - application
11:10:10.377 [ApplicationImpl pooled thread 424] INFO  com.browserstack.utils.Helpers - false
11:11:36.099 [ApplicationImpl pooled thread 411] INFO  c.b.l.BrowserStackRunExtension - application
11:11:36.099 [ApplicationImpl pooled thread 411] INFO  com.browserstack.utils.Helpers - false
11:12:04.695 [ApplicationImpl pooled thread 418] INFO  c.b.l.BrowserStackRunExtension - application
11:12:04.695 [ApplicationImpl pooled thread 418] INFO  com.browserstack.utils.Helpers - false
11:13:13.272 [ApplicationImpl pooled thread 391] INFO  c.b.l.BrowserStackRunExtension - application
11:13:13.272 [ApplicationImpl pooled thread 391] INFO  com.browserstack.utils.Helpers - false
11:13:51.955 [ApplicationImpl pooled thread 428] INFO  c.b.l.BrowserStackRunExtension - application
11:13:51.955 [ApplicationImpl pooled thread 428] INFO  com.browserstack.utils.Helpers - false
11:22:46.168 [ApplicationImpl pooled thread 430] INFO  c.b.l.BrowserStackRunExtension - application
11:22:46.169 [ApplicationImpl pooled thread 430] INFO  com.browserstack.utils.Helpers - false
11:23:00.732 [ApplicationImpl pooled thread 440] INFO  c.b.l.BrowserStackRunExtension - application
11:23:00.732 [ApplicationImpl pooled thread 440] INFO  com.browserstack.utils.Helpers - false
11:23:35.495 [ApplicationImpl pooled thread 439] INFO  c.b.l.BrowserStackRunExtension - application
11:23:35.495 [ApplicationImpl pooled thread 439] INFO  com.browserstack.utils.Helpers - false
11:24:11.999 [ApplicationImpl pooled thread 435] INFO  c.b.l.BrowserStackRunExtension - application
11:24:11.999 [ApplicationImpl pooled thread 435] INFO  com.browserstack.utils.Helpers - false
11:24:16.207 [ApplicationImpl pooled thread 391] INFO  c.b.l.BrowserStackRunExtension - application
11:24:16.207 [ApplicationImpl pooled thread 391] INFO  com.browserstack.utils.Helpers - false
11:24:50.152 [ApplicationImpl pooled thread 433] INFO  c.b.l.BrowserStackRunExtension - application
11:24:50.152 [ApplicationImpl pooled thread 433] INFO  com.browserstack.utils.Helpers - false
11:25:00.730 [ApplicationImpl pooled thread 434] INFO  c.b.l.BrowserStackRunExtension - application
11:25:00.730 [ApplicationImpl pooled thread 434] INFO  com.browserstack.utils.Helpers - false
11:26:34.270 [ApplicationImpl pooled thread 441] INFO  c.b.l.BrowserStackRunExtension - application
11:26:34.270 [ApplicationImpl pooled thread 441] INFO  com.browserstack.utils.Helpers - false
11:27:23.390 [ApplicationImpl pooled thread 435] INFO  c.b.l.BrowserStackRunExtension - application
11:27:23.390 [ApplicationImpl pooled thread 435] INFO  com.browserstack.utils.Helpers - false
11:27:27.691 [ApplicationImpl pooled thread 443] INFO  c.b.l.BrowserStackRunExtension - application
11:27:27.691 [ApplicationImpl pooled thread 443] INFO  com.browserstack.utils.Helpers - false
11:27:38.892 [ApplicationImpl pooled thread 443] INFO  c.b.l.BrowserStackRunExtension - application
11:27:38.892 [ApplicationImpl pooled thread 443] INFO  com.browserstack.utils.Helpers - false
11:28:18.597 [ApplicationImpl pooled thread 444] INFO  c.b.l.BrowserStackRunExtension - application
11:28:18.597 [ApplicationImpl pooled thread 444] INFO  com.browserstack.utils.Helpers - false
11:28:23.924 [ApplicationImpl pooled thread 444] INFO  c.b.l.BrowserStackRunExtension - application
11:28:23.924 [ApplicationImpl pooled thread 444] INFO  com.browserstack.utils.Helpers - false
11:28:28.530 [ApplicationImpl pooled thread 441] INFO  c.b.l.BrowserStackRunExtension - application
11:28:28.531 [ApplicationImpl pooled thread 441] INFO  com.browserstack.utils.Helpers - false
11:28:37.810 [ApplicationImpl pooled thread 430] INFO  c.b.l.BrowserStackRunExtension - application
11:28:37.810 [ApplicationImpl pooled thread 430] INFO  com.browserstack.utils.Helpers - false
11:29:07.084 [ApplicationImpl pooled thread 435] INFO  c.b.l.BrowserStackRunExtension - application
11:29:07.084 [ApplicationImpl pooled thread 435] INFO  com.browserstack.utils.Helpers - false
11:29:12.166 [ApplicationImpl pooled thread 434] INFO  c.b.l.BrowserStackRunExtension - application
11:29:12.166 [ApplicationImpl pooled thread 434] INFO  com.browserstack.utils.Helpers - false
11:29:25.949 [ApplicationImpl pooled thread 430] INFO  c.b.l.BrowserStackRunExtension - application
11:29:25.949 [ApplicationImpl pooled thread 430] INFO  com.browserstack.utils.Helpers - false
11:29:32.489 [ApplicationImpl pooled thread 443] INFO  c.b.l.BrowserStackRunExtension - application
11:29:32.489 [ApplicationImpl pooled thread 443] INFO  com.browserstack.utils.Helpers - false
11:29:47.112 [ApplicationImpl pooled thread 435] INFO  c.b.l.BrowserStackRunExtension - application
11:29:47.112 [ApplicationImpl pooled thread 435] INFO  com.browserstack.utils.Helpers - false
11:30:03.342 [ApplicationImpl pooled thread 443] INFO  c.b.l.BrowserStackRunExtension - application
11:30:03.342 [ApplicationImpl pooled thread 443] INFO  com.browserstack.utils.Helpers - false
11:30:12.973 [ApplicationImpl pooled thread 442] INFO  c.b.l.BrowserStackRunExtension - application
11:30:12.973 [ApplicationImpl pooled thread 442] INFO  com.browserstack.utils.Helpers - false
11:30:31.721 [ApplicationImpl pooled thread 441] INFO  c.b.l.BrowserStackRunExtension - application
11:30:31.721 [ApplicationImpl pooled thread 441] INFO  com.browserstack.utils.Helpers - false
11:30:40.195 [ApplicationImpl pooled thread 436] INFO  c.b.l.BrowserStackRunExtension - application
11:30:40.195 [ApplicationImpl pooled thread 436] INFO  com.browserstack.utils.Helpers - false
11:30:46.004 [ApplicationImpl pooled thread 435] INFO  c.b.l.BrowserStackRunExtension - application
11:30:46.005 [ApplicationImpl pooled thread 435] INFO  com.browserstack.utils.Helpers - false
11:30:57.372 [ApplicationImpl pooled thread 436] INFO  c.b.l.BrowserStackRunExtension - application
11:30:57.372 [ApplicationImpl pooled thread 436] INFO  com.browserstack.utils.Helpers - false
11:31:26.283 [ApplicationImpl pooled thread 436] INFO  c.b.l.BrowserStackRunExtension - application
11:31:26.283 [ApplicationImpl pooled thread 436] INFO  com.browserstack.utils.Helpers - false
11:31:31.273 [ApplicationImpl pooled thread 436] INFO  c.b.l.BrowserStackRunExtension - application
11:31:31.273 [ApplicationImpl pooled thread 436] INFO  com.browserstack.utils.Helpers - false
11:47:11.567 [ApplicationImpl pooled thread 448] INFO  c.b.l.BrowserStackRunExtension - application
11:47:11.567 [ApplicationImpl pooled thread 448] INFO  com.browserstack.utils.Helpers - false
11:47:23.256 [ApplicationImpl pooled thread 452] INFO  c.b.l.BrowserStackRunExtension - application
11:47:23.256 [ApplicationImpl pooled thread 452] INFO  com.browserstack.utils.Helpers - false
11:47:39.161 [ApplicationImpl pooled thread 459] INFO  c.b.l.BrowserStackRunExtension - application
11:47:39.161 [ApplicationImpl pooled thread 459] INFO  com.browserstack.utils.Helpers - false
11:49:02.011 [ApplicationImpl pooled thread 430] INFO  c.b.l.BrowserStackRunExtension - application
11:49:02.011 [ApplicationImpl pooled thread 430] INFO  com.browserstack.utils.Helpers - false
11:49:33.332 [ApplicationImpl pooled thread 461] INFO  c.b.l.BrowserStackRunExtension - application
11:49:33.332 [ApplicationImpl pooled thread 461] INFO  com.browserstack.utils.Helpers - false
11:49:49.870 [ApplicationImpl pooled thread 430] INFO  c.b.l.BrowserStackRunExtension - application
11:49:49.870 [ApplicationImpl pooled thread 430] INFO  com.browserstack.utils.Helpers - false
11:50:05.833 [ApplicationImpl pooled thread 460] INFO  c.b.l.BrowserStackRunExtension - application
11:50:05.833 [ApplicationImpl pooled thread 460] INFO  com.browserstack.utils.Helpers - false
11:51:54.454 [ApplicationImpl pooled thread 451] INFO  c.b.l.BrowserStackRunExtension - application
11:51:54.454 [ApplicationImpl pooled thread 451] INFO  com.browserstack.utils.Helpers - false
11:52:16.664 [ApplicationImpl pooled thread 463] INFO  c.b.l.BrowserStackRunExtension - application
11:52:16.664 [ApplicationImpl pooled thread 463] INFO  com.browserstack.utils.Helpers - false
11:52:24.189 [ApplicationImpl pooled thread 453] INFO  c.b.l.BrowserStackRunExtension - application
11:52:24.189 [ApplicationImpl pooled thread 453] INFO  com.browserstack.utils.Helpers - false
11:52:32.667 [ApplicationImpl pooled thread 464] INFO  c.b.l.BrowserStackRunExtension - application
11:52:32.667 [ApplicationImpl pooled thread 464] INFO  com.browserstack.utils.Helpers - false
11:53:02.453 [ApplicationImpl pooled thread 459] INFO  c.b.l.BrowserStackRunExtension - application
11:53:02.453 [ApplicationImpl pooled thread 459] INFO  com.browserstack.utils.Helpers - false
11:54:07.563 [ApplicationImpl pooled thread 465] INFO  c.b.l.BrowserStackRunExtension - application
11:54:07.563 [ApplicationImpl pooled thread 465] INFO  com.browserstack.utils.Helpers - false
11:54:13.337 [ApplicationImpl pooled thread 430] INFO  c.b.l.BrowserStackRunExtension - application
11:54:13.337 [ApplicationImpl pooled thread 430] INFO  com.browserstack.utils.Helpers - false
11:54:22.867 [ApplicationImpl pooled thread 465] INFO  c.b.l.BrowserStackRunExtension - application
11:54:22.867 [ApplicationImpl pooled thread 465] INFO  com.browserstack.utils.Helpers - false
11:55:56.854 [ApplicationImpl pooled thread 453] INFO  c.b.l.BrowserStackRunExtension - application
11:55:56.854 [ApplicationImpl pooled thread 453] INFO  com.browserstack.utils.Helpers - false
11:56:21.197 [ApplicationImpl pooled thread 466] INFO  c.b.l.BrowserStackRunExtension - application
11:56:21.197 [ApplicationImpl pooled thread 466] INFO  com.browserstack.utils.Helpers - false
11:57:26.623 [ApplicationImpl pooled thread 470] INFO  c.b.l.BrowserStackRunExtension - application
11:57:26.623 [ApplicationImpl pooled thread 470] INFO  com.browserstack.utils.Helpers - false
11:57:33.764 [ApplicationImpl pooled thread 466] INFO  c.b.l.BrowserStackRunExtension - application
11:57:33.764 [ApplicationImpl pooled thread 466] INFO  com.browserstack.utils.Helpers - false
13:22:05.132 [ApplicationImpl pooled thread 1748] INFO  c.b.l.BrowserStackRunExtension - testng
13:22:05.133 [ApplicationImpl pooled thread 1748] INFO  com.browserstack.utils.Helpers - false
13:22:37.503 [ApplicationImpl pooled thread 1743] INFO  c.b.l.BrowserStackRunExtension - testng
13:22:37.503 [ApplicationImpl pooled thread 1743] INFO  com.browserstack.utils.Helpers - false
13:23:35.487 [ApplicationImpl pooled thread 1749] INFO  c.b.l.BrowserStackRunExtension - testng
13:23:35.488 [ApplicationImpl pooled thread 1749] INFO  com.browserstack.utils.Helpers - false
13:24:48.400 [ApplicationImpl pooled thread 1743] INFO  c.b.l.BrowserStackRunExtension - testng
13:24:48.400 [ApplicationImpl pooled thread 1743] INFO  com.browserstack.utils.Helpers - false
13:25:14.902 [ApplicationImpl pooled thread 1750] INFO  c.b.l.BrowserStackRunExtension - testng
13:25:14.902 [ApplicationImpl pooled thread 1750] INFO  com.browserstack.utils.Helpers - false
13:26:43.156 [ApplicationImpl pooled thread 1730] INFO  c.b.l.BrowserStackRunExtension - testng
13:26:43.157 [ApplicationImpl pooled thread 1730] INFO  com.browserstack.utils.Helpers - false
13:28:27.452 [ApplicationImpl pooled thread 1750] INFO  c.b.l.BrowserStackRunExtension - testng
13:28:27.452 [ApplicationImpl pooled thread 1750] INFO  com.browserstack.utils.Helpers - false
13:29:42.668 [ApplicationImpl pooled thread 1743] INFO  c.b.l.BrowserStackRunExtension - testng
13:29:42.668 [ApplicationImpl pooled thread 1743] INFO  com.browserstack.utils.Helpers - false
11:11:59.840 [ApplicationImpl pooled thread 2322] INFO  c.b.l.BrowserStackRunExtension - testng
11:11:59.841 [ApplicationImpl pooled thread 2322] INFO  com.browserstack.utils.Helpers - false
11:12:43.790 [ApplicationImpl pooled thread 2326] INFO  c.b.l.BrowserStackRunExtension - testng
11:12:43.790 [ApplicationImpl pooled thread 2326] INFO  com.browserstack.utils.Helpers - false
11:43:16.684 [ApplicationImpl pooled thread 2350] INFO  c.b.l.BrowserStackRunExtension - testng
11:43:16.684 [ApplicationImpl pooled thread 2350] INFO  com.browserstack.utils.Helpers - false
11:44:25.279 [ApplicationImpl pooled thread 2331] INFO  c.b.l.BrowserStackRunExtension - testng
11:44:25.280 [ApplicationImpl pooled thread 2331] INFO  com.browserstack.utils.Helpers - false
11:44:47.412 [ApplicationImpl pooled thread 2356] INFO  c.b.l.BrowserStackRunExtension - testng
11:44:47.412 [ApplicationImpl pooled thread 2356] INFO  com.browserstack.utils.Helpers - false
12:19:55.877 [ApplicationImpl pooled thread 2387] INFO  c.b.l.BrowserStackRunExtension - testng
12:19:55.877 [ApplicationImpl pooled thread 2387] INFO  com.browserstack.utils.Helpers - false
12:20:42.510 [ApplicationImpl pooled thread 2380] INFO  c.b.l.BrowserStackRunExtension - testng
12:20:42.510 [ApplicationImpl pooled thread 2380] INFO  com.browserstack.utils.Helpers - false
12:35:05.641 [ApplicationImpl pooled thread 2396] INFO  c.b.l.BrowserStackRunExtension - testng
12:35:05.644 [ApplicationImpl pooled thread 2396] INFO  com.browserstack.utils.Helpers - false
14:03:08.230 [ApplicationImpl pooled thread 2413] INFO  c.b.l.BrowserStackRunExtension - testng
14:03:08.230 [ApplicationImpl pooled thread 2413] INFO  com.browserstack.utils.Helpers - false
14:03:46.290 [ApplicationImpl pooled thread 2410] INFO  c.b.l.BrowserStackRunExtension - testng
14:03:46.290 [ApplicationImpl pooled thread 2410] INFO  com.browserstack.utils.Helpers - false
